This is XeTeX, Version 3.14159265-2.6-0.99996 (Web2C 2016/NixOS.org) (preloaded format=xelatex 2017.12.8)  12 DEC 2017 15:44
entering extended mode
 restricted \write18 enabled.
 %&-line parsing enabled.
**main.tex
(./main.tex
LaTeX2e <2016/03/31> patch level 1
Babel <3.9r> and hyphenation patterns for 14 language(s) loaded.

(/nix/store/6l4fkgz56ng27i74c2lbg07fs4c6qrgx-texlive-combined-2016/share/texmf/
tex/latex/base/article.cls
Document Class: article 2014/09/29 v1.4h Standard LaTeX document class

(/nix/store/6l4fkgz56ng27i74c2lbg07fs4c6qrgx-texlive-combined-2016/share/texmf/
tex/latex/base/size10.clo
File: size10.clo 2014/09/29 v1.4h Standard LaTeX file (size option)
)
\c@part=\count79
\c@section=\count80
\c@subsection=\count81
\c@subsubsection=\count82
\c@paragraph=\count83
\c@subparagraph=\count84
\c@figure=\count85
\c@table=\count86
\abovecaptionskip=\skip41
\belowcaptionskip=\skip42
\bibindent=\dimen102
)
(/nix/store/6l4fkgz56ng27i74c2lbg07fs4c6qrgx-texlive-combined-2016/share/texmf/
tex/latex/listings/listings.sty
(/nix/store/6l4fkgz56ng27i74c2lbg07fs4c6qrgx-texlive-combined-2016/share/texmf/
tex/latex/graphics/keyval.sty
Package: keyval 2014/10/28 v1.15 key=value parser (DPC)
\KV@toks@=\toks14
)
\lst@mode=\count87
\lst@gtempboxa=\box26
\lst@token=\toks15
\lst@length=\count88
\lst@currlwidth=\dimen103
\lst@column=\count89
\lst@pos=\count90
\lst@lostspace=\dimen104
\lst@width=\dimen105
\lst@newlines=\count91
\lst@lineno=\count92
\lst@maxwidth=\dimen106

(/nix/store/6l4fkgz56ng27i74c2lbg07fs4c6qrgx-texlive-combined-2016/share/texmf/
tex/latex/listings/lstmisc.sty
File: lstmisc.sty 2015/06/04 1.6 (Carsten Heinz)
\c@lstnumber=\count93
\lst@skipnumbers=\count94
\lst@framebox=\box27
)
(/nix/store/6l4fkgz56ng27i74c2lbg07fs4c6qrgx-texlive-combined-2016/share/texmf/
tex/latex/listings/listings.cfg
File: listings.cfg 2015/06/04 1.6 listings configuration
))
Package: listings 2015/06/04 1.6 (Carsten Heinz)

(/nix/store/6l4fkgz56ng27i74c2lbg07fs4c6qrgx-texlive-combined-2016/share/texmf/
tex/latex/amsmath/amsmath.sty
Package: amsmath 2016/03/10 v2.15b AMS math features
\@mathmargin=\skip43

For additional information on amsmath, use the `?' option.

(/nix/store/6l4fkgz56ng27i74c2lbg07fs4c6qrgx-texlive-combined-2016/share/texmf/
tex/latex/amsmath/amstext.sty
Package: amstext 2000/06/29 v2.01 AMS text

(/nix/store/6l4fkgz56ng27i74c2lbg07fs4c6qrgx-texlive-combined-2016/share/texmf/
tex/latex/amsmath/amsgen.sty
File: amsgen.sty 1999/11/30 v2.0 generic functions
\@emptytoks=\toks16
\ex@=\dimen107
))
(/nix/store/6l4fkgz56ng27i74c2lbg07fs4c6qrgx-texlive-combined-2016/share/texmf/
tex/latex/amsmath/amsbsy.sty
Package: amsbsy 1999/11/29 v1.2d Bold Symbols
\pmbraise@=\dimen108
)
(/nix/store/6l4fkgz56ng27i74c2lbg07fs4c6qrgx-texlive-combined-2016/share/texmf/
tex/latex/amsmath/amsopn.sty
Package: amsopn 2016/03/08 v2.02 operator names
)
\inf@bad=\count95
LaTeX Info: Redefining \frac on input line 199.
\uproot@=\count96
\leftroot@=\count97
LaTeX Info: Redefining \overline on input line 297.
\classnum@=\count98
\DOTSCASE@=\count99
LaTeX Info: Redefining \ldots on input line 394.
LaTeX Info: Redefining \dots on input line 397.
LaTeX Info: Redefining \cdots on input line 518.
\Mathstrutbox@=\box28
\strutbox@=\box29
\big@size=\dimen109
LaTeX Font Info:    Redeclaring font encoding OML on input line 634.
LaTeX Font Info:    Redeclaring font encoding OMS on input line 635.
\macc@depth=\count100
\c@MaxMatrixCols=\count101
\dotsspace@=\muskip10
\c@parentequation=\count102
\dspbrk@lvl=\count103
\tag@help=\toks17
\row@=\count104
\column@=\count105
\maxfields@=\count106
\andhelp@=\toks18
\eqnshift@=\dimen110
\alignsep@=\dimen111
\tagshift@=\dimen112
\tagwidth@=\dimen113
\totwidth@=\dimen114
\lineht@=\dimen115
\@envbody=\toks19
\multlinegap=\skip44
\multlinetaggap=\skip45
\mathdisplay@stack=\toks20
LaTeX Info: Redefining \[ on input line 2739.
LaTeX Info: Redefining \] on input line 2740.
)
(/nix/store/6l4fkgz56ng27i74c2lbg07fs4c6qrgx-texlive-combined-2016/share/texmf/
tex/latex/amsfonts/amssymb.sty
Package: amssymb 2013/01/14 v3.01 AMS font symbols

(/nix/store/6l4fkgz56ng27i74c2lbg07fs4c6qrgx-texlive-combined-2016/share/texmf/
tex/latex/amsfonts/amsfonts.sty
Package: amsfonts 2013/01/14 v3.01 Basic AMSFonts support
\symAMSa=\mathgroup4
\symAMSb=\mathgroup5
LaTeX Font Info:    Overwriting math alphabet `\mathfrak' in version `bold'
(Font)                  U/euf/m/n --> U/euf/b/n on input line 106.
))
(/nix/store/6l4fkgz56ng27i74c2lbg07fs4c6qrgx-texlive-combined-2016/share/texmf/
tex/latex/subfiles/subfiles.sty
Package: subfiles 2012/05/23 Federico Garcia

(/nix/store/6l4fkgz56ng27i74c2lbg07fs4c6qrgx-texlive-combined-2016/share/texmf/
tex/latex/tools/verbatim.sty
Package: verbatim 2014/10/28 v1.5q LaTeX2e package for verbatim enhancements
\every@verbatim=\toks21
\verbatim@line=\toks22
\verbatim@in@stream=\read1
))
(/nix/store/6l4fkgz56ng27i74c2lbg07fs4c6qrgx-texlive-combined-2016/share/texmf/
tex/latex/float/float.sty
Package: float 2001/11/08 v1.3d Float enhancements (AL)
\c@float@type=\count107
\float@exts=\toks23
\float@box=\box30
\@float@everytoks=\toks24
\@floatcapt=\box31
)
(/nix/store/6l4fkgz56ng27i74c2lbg07fs4c6qrgx-texlive-combined-2016/share/texmf/
tex/latex/graphics/graphicx.sty
Package: graphicx 2014/10/28 v1.0g Enhanced LaTeX Graphics (DPC,SPQR)

(/nix/store/6l4fkgz56ng27i74c2lbg07fs4c6qrgx-texlive-combined-2016/share/texmf/
tex/latex/graphics/graphics.sty
Package: graphics 2016/06/02 v1.0s Standard LaTeX Graphics (DPC,SPQR)

(/nix/store/6l4fkgz56ng27i74c2lbg07fs4c6qrgx-texlive-combined-2016/share/texmf/
tex/latex/graphics/trig.sty
Package: trig 2016/01/03 v1.10 sin cos tan (DPC)
)
(/nix/store/6l4fkgz56ng27i74c2lbg07fs4c6qrgx-texlive-combined-2016/share/texmf/
tex/latex/graphics-cfg/graphics.cfg
File: graphics.cfg 2016/06/04 v1.11 sample graphics configuration
)
Package graphics Info: Driver file: xetex.def on input line 99.

(/nix/store/6l4fkgz56ng27i74c2lbg07fs4c6qrgx-texlive-combined-2016/share/texmf/
tex/xelatex/xetex-def/xetex.def
File: xetex.def 2016/04/06 v4.08 LaTeX color/graphics driver for XeTeX (TeX Liv
e/RRM/JK)

(/nix/store/6l4fkgz56ng27i74c2lbg07fs4c6qrgx-texlive-combined-2016/share/texmf/
tex/generic/oberdiek/infwarerr.sty
Package: infwarerr 2016/05/16 v1.4 Providing info/warning/error messages (HO)
)
(/nix/store/6l4fkgz56ng27i74c2lbg07fs4c6qrgx-texlive-combined-2016/share/texmf/
tex/generic/oberdiek/ltxcmds.sty
Package: ltxcmds 2016/05/16 v1.23 LaTeX kernel commands for general use (HO)
)))
\Gin@req@height=\dimen116
\Gin@req@width=\dimen117
)
(/nix/store/6l4fkgz56ng27i74c2lbg07fs4c6qrgx-texlive-combined-2016/share/texmf/
tex/latex/framed/framed.sty
Package: framed 2011/10/22 v 0.96: framed or shaded text with page breaks
\OuterFrameSep=\skip46
\fb@frw=\dimen118
\fb@frh=\dimen119
\FrameRule=\dimen120
\FrameSep=\dimen121
)
(/nix/store/6l4fkgz56ng27i74c2lbg07fs4c6qrgx-texlive-combined-2016/share/texmf/
tex/latex/pgfplots/pgfplots.sty
(/nix/store/6l4fkgz56ng27i74c2lbg07fs4c6qrgx-texlive-combined-2016/share/texmf/
tex/generic/pgfplots/pgfplots.revision.tex)
Package: pgfplots 2016/01/06 v1.13 Data Visualization (1.13)

(/nix/store/6l4fkgz56ng27i74c2lbg07fs4c6qrgx-texlive-combined-2016/share/texmf/
tex/latex/pgf/frontendlayer/tikz.sty
(/nix/store/6l4fkgz56ng27i74c2lbg07fs4c6qrgx-texlive-combined-2016/share/texmf/
tex/latex/pgf/basiclayer/pgf.sty
(/nix/store/6l4fkgz56ng27i74c2lbg07fs4c6qrgx-texlive-combined-2016/share/texmf/
tex/latex/pgf/utilities/pgfrcs.sty
(/nix/store/6l4fkgz56ng27i74c2lbg07fs4c6qrgx-texlive-combined-2016/share/texmf/
tex/generic/pgf/utilities/pgfutil-common.tex
\pgfutil@everybye=\toks25
\pgfutil@tempdima=\dimen122
\pgfutil@tempdimb=\dimen123

(/nix/store/6l4fkgz56ng27i74c2lbg07fs4c6qrgx-texlive-combined-2016/share/texmf/
tex/generic/pgf/utilities/pgfutil-common-lists.tex))
(/nix/store/6l4fkgz56ng27i74c2lbg07fs4c6qrgx-texlive-combined-2016/share/texmf/
tex/generic/pgf/utilities/pgfutil-latex.def
\pgfutil@abb=\box32

(/nix/store/6l4fkgz56ng27i74c2lbg07fs4c6qrgx-texlive-combined-2016/share/texmf/
tex/latex/ms/everyshi.sty
Package: everyshi 2001/05/15 v3.00 EveryShipout Package (MS)
))
(/nix/store/6l4fkgz56ng27i74c2lbg07fs4c6qrgx-texlive-combined-2016/share/texmf/
tex/generic/pgf/utilities/pgfrcs.code.tex
Package: pgfrcs 2015/08/07 v3.0.1a (rcs-revision 1.31)
))
Package: pgf 2015/08/07 v3.0.1a (rcs-revision 1.15)

(/nix/store/6l4fkgz56ng27i74c2lbg07fs4c6qrgx-texlive-combined-2016/share/texmf/
tex/latex/pgf/basiclayer/pgfcore.sty
(/nix/store/6l4fkgz56ng27i74c2lbg07fs4c6qrgx-texlive-combined-2016/share/texmf/
tex/latex/pgf/systemlayer/pgfsys.sty
(/nix/store/6l4fkgz56ng27i74c2lbg07fs4c6qrgx-texlive-combined-2016/share/texmf/
tex/generic/pgf/systemlayer/pgfsys.code.tex
Package: pgfsys 2014/07/09 v3.0.1a (rcs-revision 1.48)

(/nix/store/6l4fkgz56ng27i74c2lbg07fs4c6qrgx-texlive-combined-2016/share/texmf/
tex/generic/pgf/utilities/pgfkeys.code.tex
\pgfkeys@pathtoks=\toks26
\pgfkeys@temptoks=\toks27

(/nix/store/6l4fkgz56ng27i74c2lbg07fs4c6qrgx-texlive-combined-2016/share/texmf/
tex/generic/pgf/utilities/pgfkeysfiltered.code.tex
\pgfkeys@tmptoks=\toks28
))
\pgf@x=\dimen124
\pgf@y=\dimen125
\pgf@xa=\dimen126
\pgf@ya=\dimen127
\pgf@xb=\dimen128
\pgf@yb=\dimen129
\pgf@xc=\dimen130
\pgf@yc=\dimen131
\w@pgf@writea=\write3
\r@pgf@reada=\read2
\c@pgf@counta=\count108
\c@pgf@countb=\count109
\c@pgf@countc=\count110
\c@pgf@countd=\count111
\t@pgf@toka=\toks29
\t@pgf@tokb=\toks30
\t@pgf@tokc=\toks31

(/nix/store/6l4fkgz56ng27i74c2lbg07fs4c6qrgx-texlive-combined-2016/share/texmf/
tex/generic/pgf/systemlayer/pgf.cfg
File: pgf.cfg 2008/05/14  (rcs-revision 1.7)
)
Driver file for pgf: pgfsys-xetex.def

(/nix/store/6l4fkgz56ng27i74c2lbg07fs4c6qrgx-texlive-combined-2016/share/texmf/
tex/generic/pgf/systemlayer/pgfsys-xetex.def
File: pgfsys-xetex.def 2014/07/09  (rcs-revision 1.11)

(/nix/store/6l4fkgz56ng27i74c2lbg07fs4c6qrgx-texlive-combined-2016/share/texmf/
tex/generic/pgf/systemlayer/pgfsys-dvipdfmx.def
File: pgfsys-dvipdfmx.def 2014/07/09  (rcs-revision 1.14)

(/nix/store/6l4fkgz56ng27i74c2lbg07fs4c6qrgx-texlive-combined-2016/share/texmf/
tex/generic/pgf/systemlayer/pgfsys-common-pdf.def
File: pgfsys-common-pdf.def 2013/10/10  (rcs-revision 1.13)
)
\pgfsys@objnum=\count112
)))
(/nix/store/6l4fkgz56ng27i74c2lbg07fs4c6qrgx-texlive-combined-2016/share/texmf/
tex/generic/pgf/systemlayer/pgfsyssoftpath.code.tex
File: pgfsyssoftpath.code.tex 2013/09/09  (rcs-revision 1.9)
\pgfsyssoftpath@smallbuffer@items=\count113
\pgfsyssoftpath@bigbuffer@items=\count114
)
(/nix/store/6l4fkgz56ng27i74c2lbg07fs4c6qrgx-texlive-combined-2016/share/texmf/
tex/generic/pgf/systemlayer/pgfsysprotocol.code.tex
File: pgfsysprotocol.code.tex 2006/10/16  (rcs-revision 1.4)
))
(/nix/store/6l4fkgz56ng27i74c2lbg07fs4c6qrgx-texlive-combined-2016/share/texmf/
tex/latex/xcolor/xcolor.sty
Package: xcolor 2016/05/11 v2.12 LaTeX color extensions (UK)

(/nix/store/6l4fkgz56ng27i74c2lbg07fs4c6qrgx-texlive-combined-2016/share/texmf/
tex/latex/graphics-cfg/color.cfg
File: color.cfg 2016/01/02 v1.6 sample color configuration
)
Package xcolor Info: Driver file: xetex.def on input line 225.
Package xcolor Info: Model `cmy' substituted by `cmy0' on input line 1348.
Package xcolor Info: Model `RGB' extended on input line 1364.
Package xcolor Info: Model `HTML' substituted by `rgb' on input line 1366.
Package xcolor Info: Model `Hsb' substituted by `hsb' on input line 1367.
Package xcolor Info: Model `tHsb' substituted by `hsb' on input line 1368.
Package xcolor Info: Model `HSB' substituted by `hsb' on input line 1369.
Package xcolor Info: Model `Gray' substituted by `gray' on input line 1370.
Package xcolor Info: Model `wave' substituted by `hsb' on input line 1371.
)
(/nix/store/6l4fkgz56ng27i74c2lbg07fs4c6qrgx-texlive-combined-2016/share/texmf/
tex/generic/pgf/basiclayer/pgfcore.code.tex
Package: pgfcore 2010/04/11 v3.0.1a (rcs-revision 1.7)

(/nix/store/6l4fkgz56ng27i74c2lbg07fs4c6qrgx-texlive-combined-2016/share/texmf/
tex/generic/pgf/math/pgfmath.code.tex
(/nix/store/6l4fkgz56ng27i74c2lbg07fs4c6qrgx-texlive-combined-2016/share/texmf/
tex/generic/pgf/math/pgfmathcalc.code.tex
(/nix/store/6l4fkgz56ng27i74c2lbg07fs4c6qrgx-texlive-combined-2016/share/texmf/
tex/generic/pgf/math/pgfmathutil.code.tex)
(/nix/store/6l4fkgz56ng27i74c2lbg07fs4c6qrgx-texlive-combined-2016/share/texmf/
tex/generic/pgf/math/pgfmathparser.code.tex
\pgfmath@dimen=\dimen132
\pgfmath@count=\count115
\pgfmath@box=\box33
\pgfmath@toks=\toks32
\pgfmath@stack@operand=\toks33
\pgfmath@stack@operation=\toks34
)
(/nix/store/6l4fkgz56ng27i74c2lbg07fs4c6qrgx-texlive-combined-2016/share/texmf/
tex/generic/pgf/math/pgfmathfunctions.code.tex
(/nix/store/6l4fkgz56ng27i74c2lbg07fs4c6qrgx-texlive-combined-2016/share/texmf/
tex/generic/pgf/math/pgfmathfunctions.basic.code.tex)
(/nix/store/6l4fkgz56ng27i74c2lbg07fs4c6qrgx-texlive-combined-2016/share/texmf/
tex/generic/pgf/math/pgfmathfunctions.trigonometric.code.tex)
(/nix/store/6l4fkgz56ng27i74c2lbg07fs4c6qrgx-texlive-combined-2016/share/texmf/
tex/generic/pgf/math/pgfmathfunctions.random.code.tex)
(/nix/store/6l4fkgz56ng27i74c2lbg07fs4c6qrgx-texlive-combined-2016/share/texmf/
tex/generic/pgf/math/pgfmathfunctions.comparison.code.tex)
(/nix/store/6l4fkgz56ng27i74c2lbg07fs4c6qrgx-texlive-combined-2016/share/texmf/
tex/generic/pgf/math/pgfmathfunctions.base.code.tex)
(/nix/store/6l4fkgz56ng27i74c2lbg07fs4c6qrgx-texlive-combined-2016/share/texmf/
tex/generic/pgf/math/pgfmathfunctions.round.code.tex)
(/nix/store/6l4fkgz56ng27i74c2lbg07fs4c6qrgx-texlive-combined-2016/share/texmf/
tex/generic/pgf/math/pgfmathfunctions.misc.code.tex)
(/nix/store/6l4fkgz56ng27i74c2lbg07fs4c6qrgx-texlive-combined-2016/share/texmf/
tex/generic/pgf/math/pgfmathfunctions.integerarithmetics.code.tex)))
(/nix/store/6l4fkgz56ng27i74c2lbg07fs4c6qrgx-texlive-combined-2016/share/texmf/
tex/generic/pgf/math/pgfmathfloat.code.tex
\c@pgfmathroundto@lastzeros=\count116
))
(/nix/store/6l4fkgz56ng27i74c2lbg07fs4c6qrgx-texlive-combined-2016/share/texmf/
tex/generic/pgf/basiclayer/pgfcorepoints.code.tex
File: pgfcorepoints.code.tex 2013/10/07  (rcs-revision 1.27)
\pgf@picminx=\dimen133
\pgf@picmaxx=\dimen134
\pgf@picminy=\dimen135
\pgf@picmaxy=\dimen136
\pgf@pathminx=\dimen137
\pgf@pathmaxx=\dimen138
\pgf@pathminy=\dimen139
\pgf@pathmaxy=\dimen140
\pgf@xx=\dimen141
\pgf@xy=\dimen142
\pgf@yx=\dimen143
\pgf@yy=\dimen144
\pgf@zx=\dimen145
\pgf@zy=\dimen146
)
(/nix/store/6l4fkgz56ng27i74c2lbg07fs4c6qrgx-texlive-combined-2016/share/texmf/
tex/generic/pgf/basiclayer/pgfcorepathconstruct.code.tex
File: pgfcorepathconstruct.code.tex 2013/10/07  (rcs-revision 1.29)
\pgf@path@lastx=\dimen147
\pgf@path@lasty=\dimen148
)
(/nix/store/6l4fkgz56ng27i74c2lbg07fs4c6qrgx-texlive-combined-2016/share/texmf/
tex/generic/pgf/basiclayer/pgfcorepathusage.code.tex
File: pgfcorepathusage.code.tex 2014/11/02  (rcs-revision 1.24)
\pgf@shorten@end@additional=\dimen149
\pgf@shorten@start@additional=\dimen150
)
(/nix/store/6l4fkgz56ng27i74c2lbg07fs4c6qrgx-texlive-combined-2016/share/texmf/
tex/generic/pgf/basiclayer/pgfcorescopes.code.tex
File: pgfcorescopes.code.tex 2015/05/08  (rcs-revision 1.46)
\pgfpic=\box34
\pgf@hbox=\box35
\pgf@layerbox@main=\box36
\pgf@picture@serial@count=\count117
)
(/nix/store/6l4fkgz56ng27i74c2lbg07fs4c6qrgx-texlive-combined-2016/share/texmf/
tex/generic/pgf/basiclayer/pgfcoregraphicstate.code.tex
File: pgfcoregraphicstate.code.tex 2014/11/02  (rcs-revision 1.12)
\pgflinewidth=\dimen151
)
(/nix/store/6l4fkgz56ng27i74c2lbg07fs4c6qrgx-texlive-combined-2016/share/texmf/
tex/generic/pgf/basiclayer/pgfcoretransformations.code.tex
File: pgfcoretransformations.code.tex 2015/08/07  (rcs-revision 1.20)
\pgf@pt@x=\dimen152
\pgf@pt@y=\dimen153
\pgf@pt@temp=\dimen154
)
(/nix/store/6l4fkgz56ng27i74c2lbg07fs4c6qrgx-texlive-combined-2016/share/texmf/
tex/generic/pgf/basiclayer/pgfcorequick.code.tex
File: pgfcorequick.code.tex 2008/10/09  (rcs-revision 1.3)
)
(/nix/store/6l4fkgz56ng27i74c2lbg07fs4c6qrgx-texlive-combined-2016/share/texmf/
tex/generic/pgf/basiclayer/pgfcoreobjects.code.tex
File: pgfcoreobjects.code.tex 2006/10/11  (rcs-revision 1.2)
)
(/nix/store/6l4fkgz56ng27i74c2lbg07fs4c6qrgx-texlive-combined-2016/share/texmf/
tex/generic/pgf/basiclayer/pgfcorepathprocessing.code.tex
File: pgfcorepathprocessing.code.tex 2013/09/09  (rcs-revision 1.9)
)
(/nix/store/6l4fkgz56ng27i74c2lbg07fs4c6qrgx-texlive-combined-2016/share/texmf/
tex/generic/pgf/basiclayer/pgfcorearrows.code.tex
File: pgfcorearrows.code.tex 2015/05/14  (rcs-revision 1.43)
\pgfarrowsep=\dimen155
)
(/nix/store/6l4fkgz56ng27i74c2lbg07fs4c6qrgx-texlive-combined-2016/share/texmf/
tex/generic/pgf/basiclayer/pgfcoreshade.code.tex
File: pgfcoreshade.code.tex 2013/07/15  (rcs-revision 1.15)
\pgf@max=\dimen156
\pgf@sys@shading@range@num=\count118
)
(/nix/store/6l4fkgz56ng27i74c2lbg07fs4c6qrgx-texlive-combined-2016/share/texmf/
tex/generic/pgf/basiclayer/pgfcoreimage.code.tex
File: pgfcoreimage.code.tex 2013/07/15  (rcs-revision 1.18)

(/nix/store/6l4fkgz56ng27i74c2lbg07fs4c6qrgx-texlive-combined-2016/share/texmf/
tex/generic/pgf/basiclayer/pgfcoreexternal.code.tex
File: pgfcoreexternal.code.tex 2014/07/09  (rcs-revision 1.21)
\pgfexternal@startupbox=\box37
))
(/nix/store/6l4fkgz56ng27i74c2lbg07fs4c6qrgx-texlive-combined-2016/share/texmf/
tex/generic/pgf/basiclayer/pgfcorelayers.code.tex
File: pgfcorelayers.code.tex 2013/07/18  (rcs-revision 1.7)
)
(/nix/store/6l4fkgz56ng27i74c2lbg07fs4c6qrgx-texlive-combined-2016/share/texmf/
tex/generic/pgf/basiclayer/pgfcoretransparency.code.tex
File: pgfcoretransparency.code.tex 2013/09/30  (rcs-revision 1.5)
)
(/nix/store/6l4fkgz56ng27i74c2lbg07fs4c6qrgx-texlive-combined-2016/share/texmf/
tex/generic/pgf/basiclayer/pgfcorepatterns.code.tex
File: pgfcorepatterns.code.tex 2013/11/07  (rcs-revision 1.5)
)))
(/nix/store/6l4fkgz56ng27i74c2lbg07fs4c6qrgx-texlive-combined-2016/share/texmf/
tex/generic/pgf/modules/pgfmoduleshapes.code.tex
File: pgfmoduleshapes.code.tex 2014/03/21  (rcs-revision 1.35)
\pgfnodeparttextbox=\box38
)
(/nix/store/6l4fkgz56ng27i74c2lbg07fs4c6qrgx-texlive-combined-2016/share/texmf/
tex/generic/pgf/modules/pgfmoduleplot.code.tex
File: pgfmoduleplot.code.tex 2015/08/03  (rcs-revision 1.13)
)
(/nix/store/6l4fkgz56ng27i74c2lbg07fs4c6qrgx-texlive-combined-2016/share/texmf/
tex/latex/pgf/compatibility/pgfcomp-version-0-65.sty
Package: pgfcomp-version-0-65 2007/07/03 v3.0.1a (rcs-revision 1.7)
\pgf@nodesepstart=\dimen157
\pgf@nodesepend=\dimen158
)
(/nix/store/6l4fkgz56ng27i74c2lbg07fs4c6qrgx-texlive-combined-2016/share/texmf/
tex/latex/pgf/compatibility/pgfcomp-version-1-18.sty
Package: pgfcomp-version-1-18 2007/07/23 v3.0.1a (rcs-revision 1.1)
))
(/nix/store/6l4fkgz56ng27i74c2lbg07fs4c6qrgx-texlive-combined-2016/share/texmf/
tex/latex/pgf/utilities/pgffor.sty
(/nix/store/6l4fkgz56ng27i74c2lbg07fs4c6qrgx-texlive-combined-2016/share/texmf/
tex/latex/pgf/utilities/pgfkeys.sty
(/nix/store/6l4fkgz56ng27i74c2lbg07fs4c6qrgx-texlive-combined-2016/share/texmf/
tex/generic/pgf/utilities/pgfkeys.code.tex))
(/nix/store/6l4fkgz56ng27i74c2lbg07fs4c6qrgx-texlive-combined-2016/share/texmf/
tex/latex/pgf/math/pgfmath.sty
(/nix/store/6l4fkgz56ng27i74c2lbg07fs4c6qrgx-texlive-combined-2016/share/texmf/
tex/generic/pgf/math/pgfmath.code.tex))
(/nix/store/6l4fkgz56ng27i74c2lbg07fs4c6qrgx-texlive-combined-2016/share/texmf/
tex/generic/pgf/utilities/pgffor.code.tex
Package: pgffor 2013/12/13 v3.0.1a (rcs-revision 1.25)

(/nix/store/6l4fkgz56ng27i74c2lbg07fs4c6qrgx-texlive-combined-2016/share/texmf/
tex/generic/pgf/math/pgfmath.code.tex)
\pgffor@iter=\dimen159
\pgffor@skip=\dimen160
\pgffor@stack=\toks35
\pgffor@toks=\toks36
))
(/nix/store/6l4fkgz56ng27i74c2lbg07fs4c6qrgx-texlive-combined-2016/share/texmf/
tex/generic/pgf/frontendlayer/tikz/tikz.code.tex
Package: tikz 2015/08/07 v3.0.1a (rcs-revision 1.151)

(/nix/store/6l4fkgz56ng27i74c2lbg07fs4c6qrgx-texlive-combined-2016/share/texmf/
tex/generic/pgf/libraries/pgflibraryplothandlers.code.tex
File: pgflibraryplothandlers.code.tex 2013/08/31 v3.0.1a (rcs-revision 1.20)
\pgf@plot@mark@count=\count119
\pgfplotmarksize=\dimen161
)
\tikz@lastx=\dimen162
\tikz@lasty=\dimen163
\tikz@lastxsaved=\dimen164
\tikz@lastysaved=\dimen165
\tikzleveldistance=\dimen166
\tikzsiblingdistance=\dimen167
\tikz@figbox=\box39
\tikz@figbox@bg=\box40
\tikz@tempbox=\box41
\tikz@tempbox@bg=\box42
\tikztreelevel=\count120
\tikznumberofchildren=\count121
\tikznumberofcurrentchild=\count122
\tikz@fig@count=\count123

(/nix/store/6l4fkgz56ng27i74c2lbg07fs4c6qrgx-texlive-combined-2016/share/texmf/
tex/generic/pgf/modules/pgfmodulematrix.code.tex
File: pgfmodulematrix.code.tex 2013/09/17  (rcs-revision 1.8)
\pgfmatrixcurrentrow=\count124
\pgfmatrixcurrentcolumn=\count125
\pgf@matrix@numberofcolumns=\count126
)
\tikz@expandcount=\count127

(/nix/store/6l4fkgz56ng27i74c2lbg07fs4c6qrgx-texlive-combined-2016/share/texmf/
tex/generic/pgf/frontendlayer/tikz/libraries/tikzlibrarytopaths.code.tex
File: tikzlibrarytopaths.code.tex 2008/06/17 v3.0.1a (rcs-revision 1.2)
)))
(/nix/store/6l4fkgz56ng27i74c2lbg07fs4c6qrgx-texlive-combined-2016/share/texmf/
tex/generic/pgfplots/pgfplots.code.tex
(/nix/store/6l4fkgz56ng27i74c2lbg07fs4c6qrgx-texlive-combined-2016/share/texmf/
tex/generic/pgfplots/pgfplotscore.code.tex
\t@pgfplots@toka=\toks37
\t@pgfplots@tokb=\toks38
\t@pgfplots@tokc=\toks39
\pgfplots@tmpa=\dimen168
\c@pgfplots@coordindex=\count128
\c@pgfplots@scanlineindex=\count129

(/nix/store/6l4fkgz56ng27i74c2lbg07fs4c6qrgx-texlive-combined-2016/share/texmf/
tex/generic/pgfplots/sys/pgfplotssysgeneric.code.tex))
(/nix/store/6l4fkgz56ng27i74c2lbg07fs4c6qrgx-texlive-combined-2016/share/texmf/
tex/generic/pgfplots/libs/pgfplotslibrary.code.tex)
(/nix/store/6l4fkgz56ng27i74c2lbg07fs4c6qrgx-texlive-combined-2016/share/texmf/
tex/generic/pgfplots/oldpgfcompatib/pgfplotsoldpgfsupp_loader.code.tex
(/nix/store/6l4fkgz56ng27i74c2lbg07fs4c6qrgx-texlive-combined-2016/share/texmf/
tex/generic/pgf/libraries/pgflibraryfpu.code.tex)
Package pgfplots: loading complementary arithmetics for your pgf version...

(/nix/store/6l4fkgz56ng27i74c2lbg07fs4c6qrgx-texlive-combined-2016/share/texmf/
tex/generic/pgfplots/oldpgfcompatib/pgfplotsoldpgfsupp_pgflibraryfpu.code.tex)
(/nix/store/6l4fkgz56ng27i74c2lbg07fs4c6qrgx-texlive-combined-2016/share/texmf/
tex/generic/pgfplots/oldpgfcompatib/pgfplotsoldpgfsupp_pgfmathfloat.code.tex
\c@pgfmathroundto@lastzeros=\count130
))
(/nix/store/6l4fkgz56ng27i74c2lbg07fs4c6qrgx-texlive-combined-2016/share/texmf/
tex/generic/pgfplots/util/pgfplotsutil.code.tex
(/nix/store/6l4fkgz56ng27i74c2lbg07fs4c6qrgx-texlive-combined-2016/share/texmf/
tex/generic/pgfplots/liststructure/pgfplotsliststructure.code.tex)
(/nix/store/6l4fkgz56ng27i74c2lbg07fs4c6qrgx-texlive-combined-2016/share/texmf/
tex/generic/pgfplots/liststructure/pgfplotsliststructureext.code.tex)
(/nix/store/6l4fkgz56ng27i74c2lbg07fs4c6qrgx-texlive-combined-2016/share/texmf/
tex/generic/pgfplots/liststructure/pgfplotsarray.code.tex
\c@pgfplotsarray@tmp=\count131
)
(/nix/store/6l4fkgz56ng27i74c2lbg07fs4c6qrgx-texlive-combined-2016/share/texmf/
tex/generic/pgfplots/liststructure/pgfplotsmatrix.code.tex)
(/nix/store/6l4fkgz56ng27i74c2lbg07fs4c6qrgx-texlive-combined-2016/share/texmf/
tex/generic/pgfplots/numtable/pgfplotstableshared.code.tex
\c@pgfplotstable@counta=\count132
\t@pgfplotstable@a=\toks40
)
(/nix/store/6l4fkgz56ng27i74c2lbg07fs4c6qrgx-texlive-combined-2016/share/texmf/
tex/generic/pgfplots/liststructure/pgfplotsdeque.code.tex)
(/nix/store/6l4fkgz56ng27i74c2lbg07fs4c6qrgx-texlive-combined-2016/share/texmf/
tex/generic/pgfplots/util/pgfplotsbinary.code.tex
(/nix/store/6l4fkgz56ng27i74c2lbg07fs4c6qrgx-texlive-combined-2016/share/texmf/
tex/generic/pgfplots/util/pgfplotsbinary.data.code.tex))
(/nix/store/6l4fkgz56ng27i74c2lbg07fs4c6qrgx-texlive-combined-2016/share/texmf/
tex/generic/pgfplots/util/pgfplotsutil.verb.code.tex)
(/nix/store/6l4fkgz56ng27i74c2lbg07fs4c6qrgx-texlive-combined-2016/share/texmf/
tex/generic/pgfplots/libs/pgflibrarypgfplots.surfshading.code.tex
\c@pgfplotslibrarysurf@no=\count133

(/nix/store/6l4fkgz56ng27i74c2lbg07fs4c6qrgx-texlive-combined-2016/share/texmf/
tex/generic/pgfplots/sys/pgflibrarypgfplots.surfshading.pgfsys-xetex.def
(/nix/store/6l4fkgz56ng27i74c2lbg07fs4c6qrgx-texlive-combined-2016/share/texmf/
tex/generic/pgfplots/sys/pgflibrarypgfplots.surfshading.pgfsys-dvipdfmx.def
\c@pgfplotslibrarysurf@streamlen=\count134
))))
(/nix/store/6l4fkgz56ng27i74c2lbg07fs4c6qrgx-texlive-combined-2016/share/texmf/
tex/generic/pgfplots/util/pgfplotscolormap.code.tex
(/nix/store/6l4fkgz56ng27i74c2lbg07fs4c6qrgx-texlive-combined-2016/share/texmf/
tex/generic/pgfplots/util/pgfplotscolor.code.tex))
(/nix/store/6l4fkgz56ng27i74c2lbg07fs4c6qrgx-texlive-combined-2016/share/texmf/
tex/generic/pgfplots/pgfplotsstackedplots.code.tex)
(/nix/store/6l4fkgz56ng27i74c2lbg07fs4c6qrgx-texlive-combined-2016/share/texmf/
tex/generic/pgfplots/pgfplotsplothandlers.code.tex
(/nix/store/6l4fkgz56ng27i74c2lbg07fs4c6qrgx-texlive-combined-2016/share/texmf/
tex/generic/pgfplots/pgfplotsmeshplothandler.code.tex
(/nix/store/6l4fkgz56ng27i74c2lbg07fs4c6qrgx-texlive-combined-2016/share/texmf/
tex/generic/pgfplots/pgfplotsmeshplotimage.code.tex)))
(/nix/store/6l4fkgz56ng27i74c2lbg07fs4c6qrgx-texlive-combined-2016/share/texmf/
tex/generic/pgfplots/pgfplots.scaling.code.tex)
(/nix/store/6l4fkgz56ng27i74c2lbg07fs4c6qrgx-texlive-combined-2016/share/texmf/
tex/generic/pgfplots/pgfplotscoordprocessing.code.tex)
(/nix/store/6l4fkgz56ng27i74c2lbg07fs4c6qrgx-texlive-combined-2016/share/texmf/
tex/generic/pgfplots/pgfplots.errorbars.code.tex)
(/nix/store/6l4fkgz56ng27i74c2lbg07fs4c6qrgx-texlive-combined-2016/share/texmf/
tex/generic/pgfplots/pgfplots.markers.code.tex)
(/nix/store/6l4fkgz56ng27i74c2lbg07fs4c6qrgx-texlive-combined-2016/share/texmf/
tex/generic/pgfplots/pgfplotsticks.code.tex)
(/nix/store/6l4fkgz56ng27i74c2lbg07fs4c6qrgx-texlive-combined-2016/share/texmf/
tex/generic/pgfplots/pgfplots.paths.code.tex)
(/nix/store/6l4fkgz56ng27i74c2lbg07fs4c6qrgx-texlive-combined-2016/share/texmf/
tex/generic/pgf/frontendlayer/tikz/libraries/tikzlibrarydecorations.code.tex
(/nix/store/6l4fkgz56ng27i74c2lbg07fs4c6qrgx-texlive-combined-2016/share/texmf/
tex/generic/pgf/modules/pgfmoduledecorations.code.tex
\pgfdecoratedcompleteddistance=\dimen169
\pgfdecoratedremainingdistance=\dimen170
\pgfdecoratedinputsegmentcompleteddistance=\dimen171
\pgfdecoratedinputsegmentremainingdistance=\dimen172
\pgf@decorate@distancetomove=\dimen173
\pgf@decorate@repeatstate=\count135
\pgfdecorationsegmentamplitude=\dimen174
\pgfdecorationsegmentlength=\dimen175
)
\tikz@lib@dec@box=\box43
)
(/nix/store/6l4fkgz56ng27i74c2lbg07fs4c6qrgx-texlive-combined-2016/share/texmf/
tex/generic/pgf/frontendlayer/tikz/libraries/tikzlibrarydecorations.pathmorphin
g.code.tex
(/nix/store/6l4fkgz56ng27i74c2lbg07fs4c6qrgx-texlive-combined-2016/share/texmf/
tex/generic/pgf/libraries/decorations/pgflibrarydecorations.pathmorphing.code.t
ex))
(/nix/store/6l4fkgz56ng27i74c2lbg07fs4c6qrgx-texlive-combined-2016/share/texmf/
tex/generic/pgf/frontendlayer/tikz/libraries/tikzlibrarydecorations.pathreplaci
ng.code.tex
(/nix/store/6l4fkgz56ng27i74c2lbg07fs4c6qrgx-texlive-combined-2016/share/texmf/
tex/generic/pgf/libraries/decorations/pgflibrarydecorations.pathreplacing.code.
tex))
\pgfplots@numplots=\count136
\pgfplots@xmin@reg=\dimen176
\pgfplots@xmax@reg=\dimen177
\pgfplots@ymin@reg=\dimen178
\pgfplots@ymax@reg=\dimen179
\pgfplots@zmin@reg=\dimen180
\pgfplots@zmax@reg=\dimen181
)
(/nix/store/6l4fkgz56ng27i74c2lbg07fs4c6qrgx-texlive-combined-2016/share/texmf/
tex/generic/pgf/frontendlayer/tikz/libraries/tikzlibraryplotmarks.code.tex
File: tikzlibraryplotmarks.code.tex 2008/01/09 v3.0.1a (rcs-revision 1.1)

(/nix/store/6l4fkgz56ng27i74c2lbg07fs4c6qrgx-texlive-combined-2016/share/texmf/
tex/generic/pgf/libraries/pgflibraryplotmarks.code.tex
File: pgflibraryplotmarks.code.tex 2015/08/03 v3.0.1a (rcs-revision 1.14)
)))
(/nix/store/6l4fkgz56ng27i74c2lbg07fs4c6qrgx-texlive-combined-2016/share/texmf/
tex/latex/l3packages/xparse/xparse.sty
(/nix/store/6l4fkgz56ng27i74c2lbg07fs4c6qrgx-texlive-combined-2016/share/texmf/
tex/latex/l3kernel/expl3.sty
Package: expl3 2016/05/18 v6512 L3 programming layer (loader) 

(/nix/store/6l4fkgz56ng27i74c2lbg07fs4c6qrgx-texlive-combined-2016/share/texmf/
tex/latex/l3kernel/expl3-code.tex
Package: expl3 2016/05/18 v6512 L3 programming layer (code)
L3 Module: l3bootstrap 2016/02/12 v6412 L3 Bootstrap code
L3 Module: l3names 2016/03/11 v6433 L3 Namespace for primitives
L3 Module: l3basics 2015/11/22 v6315 L3 Basic definitions
L3 Module: l3expan 2015/09/10 v5983 L3 Argument expansion
L3 Module: l3tl 2016/03/26 v6465 L3 Token lists
L3 Module: l3str 2016/03/24 v6441 L3 Strings
L3 Module: l3seq 2015/08/05 v5777 L3 Sequences and stacks
L3 Module: l3int 2016/03/24 v6441 L3 Integers
\c_max_int=\count137
\l_tmpa_int=\count138
\l_tmpb_int=\count139
\g_tmpa_int=\count140
\g_tmpb_int=\count141
L3 Module: l3quark 2015/08/17 v5855 L3 Quarks
L3 Module: l3prg 2015/11/01 v6216 L3 Control structures
\g__prg_map_int=\count142
L3 Module: l3clist 2015/09/02 v5901 L3 Comma separated lists
L3 Module: l3token 2016/04/03 v6470 L3 Experimental token manipulation
L3 Module: l3prop 2016/01/05 v6366 L3 Property lists
L3 Module: l3msg 2016/03/26 v6464 L3 Messages
L3 Module: l3file 2016/03/25 v6458 L3 File and I/O operations
\l_iow_line_count_int=\count143
\l__iow_target_count_int=\count144
\l__iow_current_line_int=\count145
\l__iow_current_word_int=\count146
\l__iow_current_indentation_int=\count147
L3 Module: l3skip 2016/01/05 v6366 L3 Dimensions and skips
\c_zero_dim=\dimen182
\c_max_dim=\dimen183
\l_tmpa_dim=\dimen184
\l_tmpb_dim=\dimen185
\g_tmpa_dim=\dimen186
\g_tmpb_dim=\dimen187
\c_zero_skip=\skip47
\c_max_skip=\skip48
\l_tmpa_skip=\skip49
\l_tmpb_skip=\skip50
\g_tmpa_skip=\skip51
\g_tmpb_skip=\skip52
\c_zero_muskip=\muskip11
\c_max_muskip=\muskip12
\l_tmpa_muskip=\muskip13
\l_tmpb_muskip=\muskip14
\g_tmpa_muskip=\muskip15
\g_tmpb_muskip=\muskip16
L3 Module: l3keys 2015/11/17 v6284 L3 Key-value interfaces
\g__keyval_level_int=\count148
\l_keys_choice_int=\count149
L3 Module: l3fp 2016/03/26 v6465 L3 Floating points
\c__fp_leading_shift_int=\count150
\c__fp_middle_shift_int=\count151
\c__fp_trailing_shift_int=\count152
\c__fp_big_leading_shift_int=\count153
\c__fp_big_middle_shift_int=\count154
\c__fp_big_trailing_shift_int=\count155
\c__fp_Bigg_leading_shift_int=\count156
\c__fp_Bigg_middle_shift_int=\count157
\c__fp_Bigg_trailing_shift_int=\count158
L3 Module: l3box 2015/08/09 v5822 L3 Experimental boxes
\c_empty_box=\box44
\l_tmpa_box=\box45
\l_tmpb_box=\box46
\g_tmpa_box=\box47
\g_tmpb_box=\box48
L3 Module: l3coffins 2016/05/17 v6508 L3 Coffin code layer
\l__coffin_internal_box=\box49
\l__coffin_internal_dim=\dimen188
\l__coffin_offset_x_dim=\dimen189
\l__coffin_offset_y_dim=\dimen190
\l__coffin_x_dim=\dimen191
\l__coffin_y_dim=\dimen192
\l__coffin_x_prime_dim=\dimen193
\l__coffin_y_prime_dim=\dimen194
\c_empty_coffin=\box50
\l__coffin_aligned_coffin=\box51
\l__coffin_aligned_internal_coffin=\box52
\l_tmpa_coffin=\box53
\l_tmpb_coffin=\box54
\l__coffin_display_coffin=\box55
\l__coffin_display_coord_coffin=\box56
\l__coffin_display_pole_coffin=\box57
\l__coffin_display_offset_dim=\dimen195
\l__coffin_display_x_dim=\dimen196
\l__coffin_display_y_dim=\dimen197
L3 Module: l3color 2014/08/23 v5354 L3 Experimental color support
L3 Module: l3sys 2015/09/25 v6087 L3 Experimental system/runtime functions
L3 Module: l3candidates 2016/05/13 v6484 L3 Experimental additions to l3kernel
\l__box_top_dim=\dimen198
\l__box_bottom_dim=\dimen199
\l__box_left_dim=\dimen256
\l__box_right_dim=\dimen257
\l__box_top_new_dim=\dimen258
\l__box_bottom_new_dim=\dimen259
\l__box_left_new_dim=\dimen260
\l__box_right_new_dim=\dimen261
\l__box_internal_box=\box58
\l__coffin_bounding_shift_dim=\dimen262
\l__coffin_left_corner_dim=\dimen263
\l__coffin_right_corner_dim=\dimen264
\l__coffin_bottom_corner_dim=\dimen265
\l__coffin_top_corner_dim=\dimen266
\l__coffin_scaled_total_height_dim=\dimen267
\l__coffin_scaled_width_dim=\dimen268
L3 Module: l3luatex 2016/03/26 v6465 L3 Experimental LuaTeX-specific functions
)
(/nix/store/6l4fkgz56ng27i74c2lbg07fs4c6qrgx-texlive-combined-2016/share/texmf/
tex/latex/l3kernel/l3xdvipdfmx.def
File: l3xdvidpfmx.def 2016/03/26 v6465 L3 Experimental driver: xdvipdfmx
\l__driver_tmp_box=\box59
))
Package: xparse 2016/05/18 v6512 L3 Experimental document command parser
\l__xparse_current_arg_int=\count159
\l__xparse_m_args_int=\count160
\l__xparse_mandatory_args_int=\count161
\l__xparse_processor_int=\count162
\l__xparse_v_nesting_int=\count163
)
(/nix/store/6l4fkgz56ng27i74c2lbg07fs4c6qrgx-texlive-combined-2016/share/texmf/
tex/latex/tools/multicol.sty
Package: multicol 2016/04/07 v1.8p multicolumn formatting (FMi)
\c@tracingmulticols=\count164
\mult@box=\box60
\multicol@leftmargin=\dimen269
\c@unbalance=\count165
\c@collectmore=\count166
\doublecol@number=\count167
\multicoltolerance=\count168
\multicolpretolerance=\count169
\full@width=\dimen270
\page@free=\dimen271
\premulticols=\dimen272
\postmulticols=\dimen273
\multicolsep=\skip53
\multicolbaselineskip=\skip54
\partial@page=\box61
\last@line=\box62
\maxbalancingoverflow=\dimen274
\mult@rightbox=\box63
\mult@grightbox=\box64
\mult@gfirstbox=\box65
\mult@firstbox=\box66
\@tempa=\box67
\@tempa=\box68
\@tempa=\box69
\@tempa=\box70
\@tempa=\box71
\@tempa=\box72
\@tempa=\box73
\@tempa=\box74
\@tempa=\box75
\@tempa=\box76
\@tempa=\box77
\@tempa=\box78
\@tempa=\box79
\@tempa=\box80
\@tempa=\box81
\@tempa=\box82
\@tempa=\box83
\c@columnbadness=\count170
\c@finalcolumnbadness=\count171
\last@try=\dimen275
\multicolovershoot=\dimen276
\multicolundershoot=\dimen277
\mult@nat@firstbox=\box84
\colbreak@box=\box85
\mc@col@check@num=\count172
)
(/nix/store/6l4fkgz56ng27i74c2lbg07fs4c6qrgx-texlive-combined-2016/share/texmf/
tex/latex/hyperref/hyperref.sty
Package: hyperref 2016/05/21 v6.83p Hypertext links for LaTeX

(/nix/store/6l4fkgz56ng27i74c2lbg07fs4c6qrgx-texlive-combined-2016/share/texmf/
tex/generic/oberdiek/hobsub-hyperref.sty
Package: hobsub-hyperref 2016/05/16 v1.14 Bundle oberdiek, subset hyperref (HO)


(/nix/store/6l4fkgz56ng27i74c2lbg07fs4c6qrgx-texlive-combined-2016/share/texmf/
tex/generic/oberdiek/hobsub-generic.sty
Package: hobsub-generic 2016/05/16 v1.14 Bundle oberdiek, subset generic (HO)
Package: hobsub 2016/05/16 v1.14 Construct package bundles (HO)
Package hobsub Info: Skipping package `infwarerr' (already loaded).
Package hobsub Info: Skipping package `ltxcmds' (already loaded).
Package: ifluatex 2016/05/16 v1.4 Provides the ifluatex switch (HO)
Package ifluatex Info: LuaTeX not detected.
Package: ifvtex 2016/05/16 v1.6 Detect VTeX and its facilities (HO)
Package ifvtex Info: VTeX not detected.
Package: intcalc 2016/05/16 v1.2 Expandable calculations with integers (HO)
Package: ifpdf 2016/05/14 v3.1 Provides the ifpdf switch
Package: etexcmds 2016/05/16 v1.6 Avoid name clashes with e-TeX commands (HO)
Package etexcmds Info: Could not find \expanded.
(etexcmds)             That can mean that you are not using pdfTeX 1.50 or
(etexcmds)             that some package has redefined \expanded.
(etexcmds)             In the latter case, load this package earlier.
Package: kvsetkeys 2016/05/16 v1.17 Key value parser (HO)
Package: kvdefinekeys 2016/05/16 v1.4 Define keys (HO)
Package: pdftexcmds 2016/05/21 v0.22 Utility functions of pdfTeX for LuaTeX (HO
)
Package pdftexcmds Info: LuaTeX not detected.
Package pdftexcmds Info: pdfTeX >= 1.30 not detected.
Package pdftexcmds Info: \pdf@primitive is available.
Package pdftexcmds Info: \pdf@ifprimitive is available.
Package pdftexcmds Info: \pdfdraftmode not found.
Package: pdfescape 2016/05/16 v1.14 Implements pdfTeX's escape features (HO)
Package: bigintcalc 2016/05/16 v1.4 Expandable calculations on big integers (HO
)
Package: bitset 2016/05/16 v1.2 Handle bit-vector datatype (HO)
Package: uniquecounter 2016/05/16 v1.3 Provide unlimited unique counter (HO)
)
Package hobsub Info: Skipping package `hobsub' (already loaded).
Package: letltxmacro 2016/05/16 v1.5 Let assignment for LaTeX macros (HO)
Package: hopatch 2016/05/16 v1.3 Wrapper for package hooks (HO)
Package: xcolor-patch 2016/05/16 xcolor patch
Package: atveryend 2016/05/16 v1.9 Hooks at the very end of document (HO)
Package atveryend Info: \enddocument detected (standard20110627).
Package: atbegshi 2016/06/09 v1.18 At begin shipout hook (HO)
Package: refcount 2016/05/16 v3.5 Data extraction from label references (HO)
Package: hycolor 2016/05/16 v1.8 Color options for hyperref/bookmark (HO)
)
(/nix/store/6l4fkgz56ng27i74c2lbg07fs4c6qrgx-texlive-combined-2016/share/texmf/
tex/generic/ifxetex/ifxetex.sty
Package: ifxetex 2010/09/12 v0.6 Provides ifxetex conditional
)
(/nix/store/6l4fkgz56ng27i74c2lbg07fs4c6qrgx-texlive-combined-2016/share/texmf/
tex/latex/oberdiek/auxhook.sty
Package: auxhook 2016/05/16 v1.4 Hooks for auxiliary files (HO)
)
(/nix/store/6l4fkgz56ng27i74c2lbg07fs4c6qrgx-texlive-combined-2016/share/texmf/
tex/latex/oberdiek/kvoptions.sty
Package: kvoptions 2016/05/16 v3.12 Key value format for package options (HO)
)
\@linkdim=\dimen278
\Hy@linkcounter=\count173
\Hy@pagecounter=\count174

(/nix/store/6l4fkgz56ng27i74c2lbg07fs4c6qrgx-texlive-combined-2016/share/texmf/
tex/latex/hyperref/pd1enc.def
File: pd1enc.def 2016/05/21 v6.83p Hyperref: PDFDocEncoding definition (HO)
)
\Hy@SavedSpaceFactor=\count175

(/nix/store/6l4fkgz56ng27i74c2lbg07fs4c6qrgx-texlive-combined-2016/share/texmf/
tex/latex/latexconfig/hyperref.cfg
File: hyperref.cfg 2002/06/06 v1.2 hyperref configuration of TeXLive
)
Package hyperref Info: Option `bookmarks' set `true' on input line 4362.
Package hyperref Info: Hyper figures OFF on input line 4486.
Package hyperref Info: Link nesting OFF on input line 4491.
Package hyperref Info: Hyper index ON on input line 4494.
Package hyperref Info: Plain pages OFF on input line 4501.
Package hyperref Info: Backreferencing OFF on input line 4506.
Package hyperref Info: Implicit mode ON; LaTeX internals redefined.
Package hyperref Info: Bookmarks ON on input line 4735.
\c@Hy@tempcnt=\count176

(/nix/store/6l4fkgz56ng27i74c2lbg07fs4c6qrgx-texlive-combined-2016/share/texmf/
tex/latex/url/url.sty
\Urlmuskip=\muskip17
Package: url 2013/09/16  ver 3.4  Verb mode for urls, etc.
)
LaTeX Info: Redefining \url on input line 5088.
\XeTeXLinkMargin=\dimen279
\Fld@menulength=\count177
\Field@Width=\dimen280
\Fld@charsize=\dimen281
Package hyperref Info: Hyper figures OFF on input line 6342.
Package hyperref Info: Link nesting OFF on input line 6347.
Package hyperref Info: Hyper index ON on input line 6350.
Package hyperref Info: backreferencing OFF on input line 6357.
Package hyperref Info: Link coloring OFF on input line 6362.
Package hyperref Info: Link coloring with OCG OFF on input line 6367.
Package hyperref Info: PDF/A mode OFF on input line 6372.
LaTeX Info: Redefining \ref on input line 6412.
LaTeX Info: Redefining \pageref on input line 6416.
\Hy@abspage=\count178
\c@Item=\count179
\c@Hfootnote=\count180
)

Package hyperref Message: Driver (autodetected): hxetex.


(/nix/store/6l4fkgz56ng27i74c2lbg07fs4c6qrgx-texlive-combined-2016/share/texmf/
tex/latex/hyperref/hxetex.def
File: hxetex.def 2016/05/21 v6.83p Hyperref driver for XeTeX

(/nix/store/6l4fkgz56ng27i74c2lbg07fs4c6qrgx-texlive-combined-2016/share/texmf/
tex/latex/hyperref/puenc.def
File: puenc.def 2016/05/21 v6.83p Hyperref: PDF Unicode definition (HO)
)
(/nix/store/6l4fkgz56ng27i74c2lbg07fs4c6qrgx-texlive-combined-2016/share/texmf/
tex/generic/oberdiek/stringenc.sty
Package: stringenc 2016/05/16 v1.11 Convert strings between diff. encodings (HO
)
)
\pdfm@box=\box86
\c@Hy@AnnotLevel=\count181
\HyField@AnnotCount=\count182
\Fld@listcount=\count183
\c@bookmark@seq@number=\count184

(/nix/store/6l4fkgz56ng27i74c2lbg07fs4c6qrgx-texlive-combined-2016/share/texmf/
tex/latex/oberdiek/rerunfilecheck.sty
Package: rerunfilecheck 2016/05/16 v1.8 Rerun checks for auxiliary files (HO)
Package rerunfilecheck Info: Feature \pdfmdfivesum is not available
(rerunfilecheck)             (e.g. pdfTeX or LuaTeX with package `pdftexcmds').

(rerunfilecheck)             Therefore file contents cannot be checked efficien
tly
(rerunfilecheck)             and the loading of the package is aborted.
)
\Hy@SectionHShift=\skip55
)
(/nix/store/6l4fkgz56ng27i74c2lbg07fs4c6qrgx-texlive-combined-2016/share/texmf/
tex/latex/geometry/geometry.sty
Package: geometry 2010/09/12 v5.6 Page Geometry
\Gm@cnth=\count185
\Gm@cntv=\count186
\c@Gm@tempcnt=\count187
\Gm@bindingoffset=\dimen282
\Gm@wd@mp=\dimen283
\Gm@odd@mp=\dimen284
\Gm@even@mp=\dimen285
\Gm@layoutwidth=\dimen286
\Gm@layoutheight=\dimen287
\Gm@layouthoffset=\dimen288
\Gm@layoutvoffset=\dimen289
\Gm@dimlist=\toks41
) (./main.aux)
\openout1 = `main.aux'.

LaTeX Font Info:    Checking defaults for OML/cmm/m/it on input line 40.
LaTeX Font Info:    ... okay on input line 40.
LaTeX Font Info:    Checking defaults for T1/cmr/m/n on input line 40.
LaTeX Font Info:    ... okay on input line 40.
LaTeX Font Info:    Checking defaults for OT1/cmr/m/n on input line 40.
LaTeX Font Info:    ... okay on input line 40.
LaTeX Font Info:    Checking defaults for OMS/cmsy/m/n on input line 40.
LaTeX Font Info:    ... okay on input line 40.
LaTeX Font Info:    Checking defaults for OMX/cmex/m/n on input line 40.
LaTeX Font Info:    ... okay on input line 40.
LaTeX Font Info:    Checking defaults for U/cmr/m/n on input line 40.
LaTeX Font Info:    ... okay on input line 40.
LaTeX Font Info:    Checking defaults for PD1/pdf/m/n on input line 40.
LaTeX Font Info:    ... okay on input line 40.
LaTeX Font Info:    Checking defaults for PU/pdf/m/n on input line 40.
LaTeX Font Info:    ... okay on input line 40.
\c@lstlisting=\count188

ABD: EveryShipout initializing macros

Package pgfplots Warning: running in backwards compatibility mode (unsuitable t
ick labels; missing features). Consider writing \pgfplotsset{compat=1.13} into 
your preamble.
 on input line 40.

\AtBeginShipoutBox=\box87
Package hyperref Info: Link coloring OFF on input line 40.

(/nix/store/6l4fkgz56ng27i74c2lbg07fs4c6qrgx-texlive-combined-2016/share/texmf/
tex/latex/hyperref/nameref.sty
Package: nameref 2016/05/21 v2.44 Cross-referencing by name of section

(/nix/store/6l4fkgz56ng27i74c2lbg07fs4c6qrgx-texlive-combined-2016/share/texmf/
tex/generic/oberdiek/gettitlestring.sty
Package: gettitlestring 2016/05/16 v1.5 Cleanup title references (HO)
)
\c@section@level=\count189
)
LaTeX Info: Redefining \ref on input line 40.
LaTeX Info: Redefining \pageref on input line 40.
LaTeX Info: Redefining \nameref on input line 40.
 (./main.out) (./main.out)
\@outlinefile=\write4
\openout4 = `main.out'.


*geometry* driver: auto-detecting
*geometry* detected driver: xetex
*geometry* verbose mode - [ preamble ] result:
* driver: xetex
* paper: a4paper
* layout: <same size as paper>
* layoutoffset:(h,v)=(0.0pt,0.0pt)
* modes: 
* h-part:(L,W,R)=(86.72377pt, 424.06033pt, 86.72377pt)
* v-part:(T,H,B)=(86.72377pt, 671.5993pt, 86.72377pt)
* \paperwidth=597.50787pt
* \paperheight=845.04684pt
* \textwidth=424.06033pt
* \textheight=671.5993pt
* \oddsidemargin=14.45378pt
* \evensidemargin=14.45378pt
* \topmargin=-22.54622pt
* \headheight=12.0pt
* \headsep=25.0pt
* \topskip=10.0pt
* \footskip=30.0pt
* \marginparwidth=57.0pt
* \marginparsep=11.0pt
* \columnsep=10.0pt
* \skip\footins=9.0pt plus 4.0pt minus 2.0pt
* \hoffset=0.0pt
* \voffset=0.0pt
* \mag=1000
* \@twocolumnfalse
* \@twosidefalse
* \@mparswitchfalse
* \@reversemarginfalse
* (1in=72.27pt=25.4mm, 1cm=28.453pt)

LaTeX Font Info:    Try loading font information for U+msa on input line 46.

(/nix/store/6l4fkgz56ng27i74c2lbg07fs4c6qrgx-texlive-combined-2016/share/texmf/
tex/latex/amsfonts/umsa.fd
File: umsa.fd 2013/01/14 v3.01 AMS symbols A
)
LaTeX Font Info:    Try loading font information for U+msb on input line 46.

(/nix/store/6l4fkgz56ng27i74c2lbg07fs4c6qrgx-texlive-combined-2016/share/texmf/
tex/latex/amsfonts/umsb.fd
File: umsb.fd 2013/01/14 v3.01 AMS symbols B
)
(/nix/store/6l4fkgz56ng27i74c2lbg07fs4c6qrgx-texlive-combined-2016/share/texmf/
tex/generic/oberdiek/se-ascii-print.def
File: se-ascii-print.def 2016/05/16 v1.11 stringenc: Printable ASCII characters

) [1

] [2] [3] (../src/main.rs
LaTeX Font Info:    Try loading font information for OMS+cmr on input line 16.

(/nix/store/6l4fkgz56ng27i74c2lbg07fs4c6qrgx-texlive-combined-2016/share/texmf/
tex/latex/base/omscmr.fd
File: omscmr.fd 2014/09/29 v2.5h Standard LaTeX font definitions
)
LaTeX Font Info:    Font shape `OMS/cmr/m/n' in size <9> not available
(Font)              Font shape `OMS/cmsy/m/n' tried instead on input line 16.
LaTeX Font Info:    Try loading font information for OML+cmr on input line 28.

(/nix/store/6l4fkgz56ng27i74c2lbg07fs4c6qrgx-texlive-combined-2016/share/texmf/
tex/latex/base/omlcmr.fd
File: omlcmr.fd 2014/09/29 v2.5h Standard LaTeX font definitions
)
LaTeX Font Info:    Font shape `OML/cmr/m/n' in size <9> not available
(Font)              Font shape `OML/cmm/m/it' tried instead on input line 28.
 [4]) (../src/servo.rs [5] [6]) (../Cargo.toml)
(../Rocket.toml [7])
Overfull \hbox (55.63524pt too wide) in paragraph at lines 239--239
[]\OT1/cmr/m/n/10 Listing 5: an-droid/S-esame2/app/src/main/java/com/example/hz
immerman/sesame/ToggleServoActivity.java 
 []


(../android/Sesame2/app/src/main/java/com/example/hzimmerman/sesame/ToggleServo
Activity.java [8]) (../android/Sesame2/app/src/main/AndroidManifest.xml)
[9]
Package atveryend Info: Empty hook `BeforeClearDocument' on input line 291.
Package atveryend Info: Empty hook `AfterLastShipout' on input line 291.
 (./main.aux)
Package atveryend Info: Empty hook `AtVeryEndDocument' on input line 291.
Package atveryend Info: Empty hook `AtEndAfterFileList' on input line 291.


LaTeX Warning: Label(s) may have changed. Rerun to get cross-references right.

Package atveryend Info: Empty hook `AtVeryVeryEnd' on input line 291.
 ) 
Here is how much of TeX's memory you used:
 36781 strings out of 494761
 831524 string characters out of 6171718
 1083471 words of memory out of 5000000
 39598 multiletter control sequences out of 15000+600000
 12560 words of font info for 48 fonts, out of 8000000 for 9000
 722 hyphenation exceptions out of 8191
 62i,6n,77p,10355b,1713s stack positions out of 5000i,500n,10000p,200000b,80000s

Output written on main.pdf (9 pages).
